2026-02-21 15:12:55 | INFO | Loaded data from /work/Thesis/Master-s-thesis/code/data/cleaning-scripts/../aggregated/aggregated_15min.csv with shape (18223, 53)
2026-02-21 15:12:55 | INFO | Added 'Days Since Last Cleaning' feature. First values in January:
2026-02-21 15:12:55 | INFO |                           window_start  Days Since Last Cleaning
window_start                                                    
2024-01-04   2024-01-04 08:00:00+00:00                       NaN
2024-01-05   2024-01-05 00:00:00+00:00                       NaN
2024-01-06   2024-01-06 00:00:00+00:00                       NaN
2024-01-07   2024-01-07 03:00:00+00:00                       NaN
2024-01-08   2024-01-08 02:00:00+00:00                       NaN
2024-01-09   2024-01-09 00:15:00+00:00                       NaN
2024-01-10   2024-01-10 01:00:00+00:00                       NaN
2024-01-11   2024-01-11 18:45:00+00:00                       NaN
2024-01-12   2024-01-12 00:00:00+00:00                       NaN
2024-01-13   2024-01-13 00:45:00+00:00                       NaN
2024-01-14   2024-01-14 00:00:00+00:00                       NaN
2024-01-15   2024-01-15 00:00:00+00:00                       NaN
2024-01-16   2024-01-16 00:00:00+00:00                       NaN
2024-01-17   2024-01-17 00:00:00+00:00                       NaN
2024-01-18   2024-01-18 00:30:00+00:00                       NaN
2024-01-19   2024-01-19 00:00:00+00:00                       NaN
2024-01-20   2024-01-20 00:00:00+00:00                       NaN
2024-01-21   2024-01-21 00:00:00+00:00                       NaN
2024-01-24   2024-01-24 21:30:00+00:00                  2.895833
2024-01-28   2024-01-28 21:15:00+00:00                  6.885417
2024-01-29   2024-01-29 09:00:00+00:00                  7.375000
2026-02-21 15:12:56 | INFO | Saved data with engineered features to /work/Thesis/Master-s-thesis/code/data/cleaning-scripts/../engineered/engineered_features_15min.csv
2026-02-21 15:12:56 | INFO | Added 2 new columns: ['Avg Draft (Calculated)', 'Days Since Last Cleaning']
