2026-02-21 13:52:08 | INFO | Loaded data from /work/Thesis/Master-s-thesis/code/data/cleaning-scripts/../aggregated/aggregated_5min.csv with shape (47597, 53)
2026-02-21 13:52:08 | INFO | Added 'Days Since Last Cleaning' feature. First values in January:
2026-02-21 13:52:08 | INFO |                           window_start  Days Since Last Cleaning
window_start                                                    
2024-01-04   2024-01-04 08:35:00+00:00                       NaN
2024-01-05   2024-01-05 00:00:00+00:00                       NaN
2024-01-06   2024-01-06 00:00:00+00:00                       NaN
2024-01-07   2024-01-07 03:15:00+00:00                       NaN
2024-01-08   2024-01-08 02:00:00+00:00                       NaN
2024-01-09   2024-01-09 00:25:00+00:00                       NaN
2024-01-10   2024-01-10 01:05:00+00:00                       NaN
2024-01-11   2024-01-11 22:00:00+00:00                       NaN
2024-01-12   2024-01-12 00:00:00+00:00                       NaN
2024-01-13   2024-01-13 01:05:00+00:00                       NaN
2024-01-14   2024-01-14 00:00:00+00:00                       NaN
2024-01-15   2024-01-15 00:00:00+00:00                       NaN
2024-01-16   2024-01-16 00:00:00+00:00                       NaN
2024-01-17   2024-01-17 00:00:00+00:00                       NaN
2024-01-18   2024-01-18 00:40:00+00:00                       NaN
2024-01-19   2024-01-19 00:05:00+00:00                       NaN
2024-01-20   2024-01-20 00:00:00+00:00                       NaN
2024-01-21   2024-01-21 00:05:00+00:00                       NaN
2024-01-24   2024-01-24 21:45:00+00:00                  2.906250
2024-01-28   2024-01-28 21:25:00+00:00                  6.892361
2024-01-29   2024-01-29 09:00:00+00:00                  7.375000
